[debug] [2023-12-27T12:24:34.263Z] ----------------------------------------------------------------------
[debug] [2023-12-27T12:24:34.264Z] Command:       /usr/local/bin/node /usr/local/bin/firebase init
[debug] [2023-12-27T12:24:34.264Z] CLI Version:   13.0.2
[debug] [2023-12-27T12:24:34.264Z] Platform:      darwin
[debug] [2023-12-27T12:24:34.264Z] Node Version:  v18.18.2
[debug] [2023-12-27T12:24:34.265Z] Time:          Wed Dec 27 2023 13:24:34 GMT+0100 (Central European Standard Time)
[debug] [2023-12-27T12:24:34.265Z] ----------------------------------------------------------------------
[debug] 
[debug] [2023-12-27T12:24:34.267Z] > command requires scopes: ["email","openid","https://www.googleapis.com/auth/cloudplatformprojects.readonly","https://www.googleapis.com/auth/firebase","https://www.googleapis.com/auth/cloud-platform"]
[debug] [2023-12-27T12:24:34.267Z] > authorizing via signed-in user (williamyihaozhang@gmail.com)
[info] 
     ######## #### ########  ######## ########     ###     ######  ########
     ##        ##  ##     ## ##       ##     ##  ##   ##  ##       ##
     ######    ##  ########  ######   ########  #########  ######  ######
     ##        ##  ##    ##  ##       ##     ## ##     ##       ## ##
     ##       #### ##     ## ######## ########  ##     ##  ######  ########

You're about to initialize a Firebase project in this directory:

  /Users/saltea/Documents/Code_Projects/Food_Recipe/recipe-search-app

[info] 
=== Project Setup
[info] 
[info] First, let's associate this project directory with a Firebase project.
[info] You can create multiple project aliases by running firebase use --add, 
[info] but for now we'll just set up a default project.
[info] 
[debug] [2023-12-27T12:25:26.028Z] >>> [apiv2][query] GET https://firebase.googleapis.com/v1beta1/projects pageSize=100
[debug] [2023-12-27T12:25:26.589Z] <<< [apiv2][status] GET https://firebase.googleapis.com/v1beta1/projects 200
[debug] [2023-12-27T12:25:26.589Z] <<< [apiv2][body] GET https://firebase.googleapis.com/v1beta1/projects [omitted]
[info] i  Using project reciperecommendation-fd745 (RecipeRecommendation) 
[info] 
=== Hosting Setup
[debug] [2023-12-27T12:25:35.237Z] >>> [apiv2][query] GET https://firebase.googleapis.com/v1beta1/projects/reciperecommendation-fd745 [none]
[debug] [2023-12-27T12:25:35.770Z] <<< [apiv2][status] GET https://firebase.googleapis.com/v1beta1/projects/reciperecommendation-fd745 200
[debug] [2023-12-27T12:25:35.771Z] <<< [apiv2][body] GET https://firebase.googleapis.com/v1beta1/projects/reciperecommendation-fd745 {"projectId":"reciperecommendation-fd745","projectNumber":"519399080416","displayName":"RecipeRecommendation","name":"projects/reciperecommendation-fd745","resources":{"hostingSite":"reciperecommendation-fd745"},"state":"ACTIVE","etag":"1_6b554f8b-54f0-49d1-b177-287828642dd0"}
[info] 
[info] Your public directory is the folder (relative to your project directory) that
[info] will contain Hosting assets to be uploaded with firebase deploy. If you
[info] have a build process for your assets, use your build's output directory.
[info] 
[debug] [2023-12-27T12:26:16.884Z] >>> [apiv2][query] GET https://www.gstatic.com/firebasejs/releases.json [none]
[debug] [2023-12-27T12:26:17.043Z] <<< [apiv2][status] GET https://www.gstatic.com/firebasejs/releases.json 200
[debug] [2023-12-27T12:26:17.044Z] <<< [apiv2][body] GET https://www.gstatic.com/firebasejs/releases.json {"current":{"version":"10.7.1","browserURL":"https://www.gstatic.com/firebasejs/10.7.1/firebase.js","packageURL":"https://www.gstatic.com/firebasejs/10.7.1/firebase.tgz"},"live":{"version":"10.7","browserURL":"https://www.gstatic.com/firebasejs/live/10.7/firebase.js","packageURL":"https://www.gstatic.com/firebasejs/live/10.7/firebase.tgz"},"components":{"analytics":"https://www.gstatic.com/firebasejs/10.7.1/firebase-analytics.js","app":"https://www.gstatic.com/firebasejs/10.7.1/firebase-app.js","app-check":"https://www.gstatic.com/firebasejs/10.7.1/firebase-app-check.js","auth":"https://www.gstatic.com/firebasejs/10.7.1/firebase-auth.js","auth/cordova":"https://www.gstatic.com/firebasejs/10.7.1/firebase-auth/cordova.js","functions":"https://www.gstatic.com/firebasejs/10.7.1/firebase-functions.js","firestore":"https://www.gstatic.com/firebasejs/10.7.1/firebase-firestore.js","firestore/lite":"https://www.gstatic.com/firebasejs/10.7.1/firebase-firestore/lite.js","installations":"https://www.gstatic.com/firebasejs/10.7.1/firebase-installations.js","storage":"https://www.gstatic.com/firebasejs/10.7.1/firebase-storage.js","performance":"https://www.gstatic.com/firebasejs/10.7.1/firebase-performance.js","remote-config":"https://www.gstatic.com/firebasejs/10.7.1/firebase-remote-config.js","messaging":"https://www.gstatic.com/firebasejs/10.7.1/firebase-messaging.js","messaging/sw":"https://www.gstatic.com/firebasejs/10.7.1/firebase-messaging/sw.js","database":"https://www.gstatic.com/firebasejs/10.7.1/firebase-database.js","firestore.memory":"https://www.gstatic.com/firebasejs/10.7.1/firebase-firestore.memory.js"}}
[info] i  Skipping write of build/index.html 
[info] 
[info] i  Detected a .git folder at /Users/saltea/Documents/Code_Projects/Food_Recipe/recipe-search-app 
[info] i  Authorizing with GitHub to upload your service account to a GitHub repository's secrets store. 
[info] 
[info] Visit this URL on this device to log in:
[info] https://github.com/login/oauth/authorize?client_id=89cf50f02ac6aaed3484&state=677453701&redirect_uri=http%3A%2F%2Flocalhost%3A9005&scope=read%3Auser%20repo%20public_repo
[info] 
[info] Waiting for authentication...
[debug] [2023-12-27T12:27:05.232Z] >>> [apiv2][query] POST https://github.com/login/oauth/access_token [none]
[debug] [2023-12-27T12:27:05.232Z] >>> [apiv2][body] POST https://github.com/login/oauth/access_token [stream]
[debug] [2023-12-27T12:27:05.653Z] <<< [apiv2][status] POST https://github.com/login/oauth/access_token 200
[debug] [2023-12-27T12:27:05.654Z] <<< [apiv2][body] POST https://github.com/login/oauth/access_token {"access_token":"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","token_type":"bearer","scope":"read:user,repo"}
[debug] [2023-12-27T12:27:05.665Z] >>> [apiv2][query] GET https://api.github.com/user [none]
[debug] [2023-12-27T12:27:06.010Z] <<< [apiv2][status] GET https://api.github.com/user 200
[debug] [2023-12-27T12:27:06.010Z] <<< [apiv2][body] GET https://api.github.com/user {"login":"WilliamYihaoZhang","id":147930945,"node_id":"U_kgDOCNE_QQ","avatar_url":"https://avatars.githubusercontent.com/u/147930945?v=4","gravatar_id":"","url":"https://api.github.com/users/WilliamYihaoZhang","html_url":"https://github.com/WilliamYihaoZhang","followers_url":"https://api.github.com/users/WilliamYihaoZhang/followers","following_url":"https://api.github.com/users/WilliamYihaoZhang/following{/other_user}","gists_url":"https://api.github.com/users/WilliamYihaoZhang/gists{/gist_id}","starred_url":"https://api.github.com/users/WilliamYihaoZhang/starred{/owner}{/repo}","subscriptions_url":"https://api.github.com/users/WilliamYihaoZhang/subscriptions","organizations_url":"https://api.github.com/users/WilliamYihaoZhang/orgs","repos_url":"https://api.github.com/users/WilliamYihaoZhang/repos","events_url":"https://api.github.com/users/WilliamYihaoZhang/events{/privacy}","received_events_url":"https://api.github.com/users/WilliamYihaoZhang/received_events","type":"User","site_admin":false,"name":null,"company":null,"blog":"","location":null,"email":null,"hireable":null,"bio":null,"twitter_username":null,"public_repos":0,"public_gists":0,"followers":0,"following":0,"created_at":"2023-10-14T14:20:06Z","updated_at":"2023-12-26T10:12:16Z","private_gists":0,"total_private_repos":1,"owned_private_repos":1,"disk_usage":6014,"collaborators":0,"two_factor_authentication":false,"plan":{"name":"free","space":976562499,"collaborators":0,"private_repos":10000}}
[info] 
[info] ✔  Success! Logged into GitHub as WilliamYihaoZhang 
[info] 
